Cylcles fuer Threded version  = 7651219
Cylcles fuer normale version  = 251542
Cylcles differenz zu normalen version  = -7399677
./double100m1t.txt
Cylcles fuer Threded version  = 11293539
Cylcles fuer normale version  = 255739
Cylcles differenz zu normalen version  = -11037800
./double100m2t.txt
Cylcles fuer Threded version  = 7484626
Cylcles fuer normale version  = 252553
Cylcles differenz zu normalen version  = -7232073
./double100m4t.txt
Cylcles fuer Threded version  = 7468479
Cylcles fuer normale version  = 246981
Cylcles differenz zu normalen version  = -7221498
./double100m8t.txt
Cylcles fuer Threded version  = 7637494
Cylcles fuer normale version  = 245324
Cylcles differenz zu normalen version  = -7392170
./double100m16t.txt
Cylcles fuer Threded version  = 7482865
Cylcles fuer normale version  = 245125
Cylcles differenz zu normalen version  = -7237740
./double100m32t.txt
Cylcles fuer Threded version  = 33921308
Cylcles fuer normale version  = 6204269
Cylcles differenz zu normalen version  = -27717039
./double500m1t.txt
Cylcles fuer Threded version  = 34488610
Cylcles fuer normale version  = 6255126
Cylcles differenz zu normalen version  = -28233484
./double500m2t.txt
Cylcles fuer Threded version  = 34414219
Cylcles fuer normale version  = 6271507
Cylcles differenz zu normalen version  = -28142712
./double500m4t.txt
Cylcles fuer Threded version  = 34189420
Cylcles fuer normale version  = 6246615
Cylcles differenz zu normalen version  = -27942805
./double500m8t.txt
Cylcles fuer Threded version  = 32961021
Cylcles fuer normale version  = 6265367
Cylcles differenz zu normalen version  = -26695654
./double500m16t.txt
Cylcles fuer Threded version  = 32395400
Cylcles fuer normale version  = 6326299
Cylcles differenz zu normalen version  = -26069101
./double500m32t.txt
Cylcles fuer Threded version  = 76950943
Cylcles fuer normale version  = 25155454
Cylcles differenz zu normalen version  = -51795489
./double1000m1t.txt
Cylcles fuer Threded version  = 77368753
Cylcles fuer normale version  = 24560181
Cylcles differenz zu normalen version  = -52808572
./double1000m2t.txt
Cylcles fuer Threded version  = 78276897
Cylcles fuer normale version  = 24671450
Cylcles differenz zu normalen version  = -53605447
./double1000m4t.txt
Cylcles fuer Threded version  = 77287220
Cylcles fuer normale version  = 24663440
Cylcles differenz zu normalen version  = -52623780
./double1000m8t.txt
Cylcles fuer Threded version  = 77641787
Cylcles fuer normale version  = 24719748
Cylcles differenz zu normalen version  = -52922039
./ double1000m16t.txt
Cylcles fuer Threded version  = 76676096
Cylcles fuer normale version  = 24654320
Cylcles differenz zu normalen version  = -52021776
./ double1000m32t.txt
Cylcles fuer Threded version  = 806397058
Cylcles fuer normale version  = 2432077993
Cylcles differenz zu normalen version  = 1625680935
./double10000m1t.txt
Cylcles fuer Threded version  = 801494919
Cylcles fuer normale version  = 2452754450
Cylcles differenz zu normalen version  = 1651259531
./double10000m2t.txt
Cylcles fuer Threded version  = 836444956
Cylcles fuer normale version  = 2459936612
Cylcles differenz zu normalen version  = 1623491656
./double10000m4t.txt
Cylcles fuer Threded version  = 806164496
Cylcles fuer normale version  = 2452694469
Cylcles differenz zu normalen version  = 1646529973
./double10000m8t.txt
Cylcles fuer Threded version  = 814522855
Cylcles fuer normale version  = 2433137528
Cylcles differenz zu normalen version  = 1618614673
./double10000m16t.txt
Cylcles fuer Threded version  = 827611444
Cylcles fuer normale version  = 2455415669
Cylcles differenz zu normalen version  = 1627804225
./double10000m32t.txt
Cylcles fuer Threded version  = 10960659
Cylcles fuer normale version  = 84960
Cylcles differenz zu normalen version  = -10875699
doubleO3100m1t.txt
Cylcles fuer Threded version  = 11145698
Cylcles fuer normale version  = 97155
Cylcles differenz zu normalen version  = -11048543
doubleO3100m2t.txt
Cylcles fuer Threded version  = 7446525
Cylcles fuer normale version  = 53004
Cylcles differenz zu normalen version  = -7393521
doubleO3100m4t.txt
Cylcles fuer Threded version  = 7568055
Cylcles fuer normale version  = 54476
Cylcles differenz zu normalen version  = -7513579
doubleO3100m8t.txt
Cylcles fuer Threded version  = 7398308
Cylcles fuer normale version  = 54527
Cylcles differenz zu normalen version  = -7343781
doubleO3100m16t.txt
Cylcles fuer Threded version  = 7596466
Cylcles fuer normale version  = 54011
Cylcles differenz zu normalen version  = -7542455
doubleO3100m32t.txt
Cylcles fuer Threded version  = 39406448
Cylcles fuer normale version  = 2173783
Cylcles differenz zu normalen version  = -37232665
doubleO3500m1t.txt
Cylcles fuer Threded version  = 42217520
Cylcles fuer normale version  = 2273266
Cylcles differenz zu normalen version  = -39944254
doubleO3500m2t.txt
Cylcles fuer Threded version  = 40500037
Cylcles fuer normale version  = 2216457
Cylcles differenz zu normalen version  = -38283580
doubleO3500m4t.txt
Cylcles fuer Threded version  = 42661002
Cylcles fuer normale version  = 2274246
Cylcles differenz zu normalen version  = -40386756
doubleO3500m8t.txt
Cylcles fuer Threded version  = 39749494
Cylcles fuer normale version  = 2172978
Cylcles differenz zu normalen version  = -37576516
doubleO3500m16t.txt
Cylcles fuer Threded version  = 41302135
Cylcles fuer normale version  = 2278941
Cylcles differenz zu normalen version  = -39023194
doubleO3500m32t.txt
Cylcles fuer Threded version  = 73789780
Cylcles fuer normale version  = 8593056
Cylcles differenz zu normalen version  = -65196724
doubleO31000m1t.txt
Cylcles fuer Threded version  = 70570524
Cylcles fuer normale version  = 8534409
Cylcles differenz zu normalen version  = -62036115
doubleO31000m2t.txt
Cylcles fuer Threded version  = 72884957
Cylcles fuer normale version  = 8570492
Cylcles differenz zu normalen version  = -64314465
doubleO31000m4t.txt
Cylcles fuer Threded version  = 74611443
Cylcles fuer normale version  = 8587054
Cylcles differenz zu normalen version  = -66024389
doubleO31000m8t.txt
Cylcles fuer Threded version  = 72570558
Cylcles fuer normale version  = 8588667
Cylcles differenz zu normalen version  = -63981891
doubleO31000m16t.txt
Cylcles fuer Threded version  = 73803055
Cylcles fuer normale version  = 8533378
Cylcles differenz zu normalen version  = -65269677
doubleO31000m32t.txt
Cylcles fuer Threded version  = 782808640
Cylcles fuer normale version  = 674010022
Cylcles differenz zu normalen version  = -108798618
doubleO310000m1t.txt
Cylcles fuer Threded version  = 1623070227
Cylcles fuer normale version  = 723856088
Cylcles differenz zu normalen version  = -899214139
doubleO310000m2t.txt
Cylcles fuer Threded version  = 782918655
Cylcles fuer normale version  = 673893883
Cylcles differenz zu normalen version  = -109024772
doubleO310000m4t.txt
Cylcles fuer Threded version  = 807613881
Cylcles fuer normale version  = 672906627
Cylcles differenz zu normalen version  = -134707254
doubleO310000m8t.txt
Cylcles fuer Threded version  = 785155245
Cylcles fuer normale version  = 672693448
Cylcles differenz zu normalen version  = -112461797
doubleO310000m16t.txt
Cylcles fuer Threded version  = 783659737
Cylcles fuer normale version  = 675563097
Cylcles differenz zu normalen version  = -108096640
doubleO310000m32t.txt
Cylcles fuer Threded version  = 7567358
Cylcles fuer normale version  = 243443
Cylcles differenz zu normalen version  = -7323915
float100m1t.txt
Cylcles fuer Threded version  = 7398992
Cylcles fuer normale version  = 242544
Cylcles differenz zu normalen version  = -7156448
float100m2t.txt
Cylcles fuer Threded version  = 7580579
Cylcles fuer normale version  = 242151
Cylcles differenz zu normalen version  = -7338428
float100m4t.txt
Cylcles fuer Threded version  = 7554949
Cylcles fuer normale version  = 244475
Cylcles differenz zu normalen version  = -7310474
float100m8t.txt
Cylcles fuer Threded version  = 11029385
Cylcles fuer normale version  = 241594
Cylcles differenz zu normalen version  = -10787791
float100m16t.txt
Cylcles fuer Threded version  = 7687932
Cylcles fuer normale version  = 333198
Cylcles differenz zu normalen version  = -7354734
float100m32t.txt
Cylcles fuer Threded version  = 34315059
Cylcles fuer normale version  = 6121005
Cylcles differenz zu normalen version  = -28194054
float500m1t.txt
Cylcles fuer Threded version  = 33925905
Cylcles fuer normale version  = 6074484
Cylcles differenz zu normalen version  = -27851421
float500m2t.txt
Cylcles fuer Threded version  = 33448021
Cylcles fuer normale version  = 6075391
Cylcles differenz zu normalen version  = -27372630
float500m4t.txt
Cylcles fuer Threded version  = 33394493
Cylcles fuer normale version  = 6045544
Cylcles differenz zu normalen version  = -27348949
float500m8t.txt
Cylcles fuer Threded version  = 33496435
Cylcles fuer normale version  = 6041434
Cylcles differenz zu normalen version  = -27455001
float500m16t.txt
Cylcles fuer Threded version  = 34008515
Cylcles fuer normale version  = 6064145
Cylcles differenz zu normalen version  = -27944370
float500m32t.txt
Cylcles fuer Threded version  = 75302945
Cylcles fuer normale version  = 24299891
Cylcles differenz zu normalen version  = -51003054
float1000m1t.txt
Cylcles fuer Threded version  = 74911198
Cylcles fuer normale version  = 24269096
Cylcles differenz zu normalen version  = -50642102
float1000m2t.txt
Cylcles fuer Threded version  = 75032934
Cylcles fuer normale version  = 23914815
Cylcles differenz zu normalen version  = -51118119
float1000m4t.txt
Cylcles fuer Threded version  = 75738220
Cylcles fuer normale version  = 24075191
Cylcles differenz zu normalen version  = -51663029
float1000m8t.txt
Cylcles fuer Threded version  = 74616146
Cylcles fuer normale version  = 24369372
Cylcles differenz zu normalen version  = -50246774
float1000m16t.txt
Cylcles fuer Threded version  = 74650525
Cylcles fuer normale version  = 24234932
Cylcles differenz zu normalen version  = -50415593
float1000m32t.txt
Cylcles fuer Threded version  = 1280583022
Cylcles fuer normale version  = 2395004783
Cylcles differenz zu normalen version  = 1114421761
float10000m1t.txt
Cylcles fuer Threded version  = 1272261740
Cylcles fuer normale version  = 2383664174
Cylcles differenz zu normalen version  = 1111402434
float10000m2t.txt
Cylcles fuer Threded version  = 1271089127
Cylcles fuer normale version  = 2379077194
Cylcles differenz zu normalen version  = 1107988067
float10000m4t.txt
Cylcles fuer Threded version  = 1239476451
Cylcles fuer normale version  = 2395549542
Cylcles differenz zu normalen version  = 1156073091
float10000m8t.txt
Cylcles fuer Threded version  = 1274411560
Cylcles fuer normale version  = 2387338727
Cylcles differenz zu normalen version  = 1112927167
float10000m16t.txt
Cylcles fuer Threded version  = 1227795351
Cylcles fuer normale version  = 2379361892
Cylcles differenz zu normalen version  = 1151566541
float10000m32t.txt
Cylcles fuer Threded version  = 7400417
Cylcles fuer normale version  = 50910
Cylcles differenz zu normalen version  = -7349507
floatO3100m1t.txt
Cylcles fuer Threded version  = 7366030
Cylcles fuer normale version  = 52174
Cylcles differenz zu normalen version  = -7313856
floatO3100m2t.txt
Cylcles fuer Threded version  = 7449542
Cylcles fuer normale version  = 51545
Cylcles differenz zu normalen version  = -7397997
floatO3100m4t.txt
Cylcles fuer Threded version  = 7536210
Cylcles fuer normale version  = 51562
Cylcles differenz zu normalen version  = -7484648
floatO3100m8t.txt
Cylcles fuer Threded version  = 7378278
Cylcles fuer normale version  = 51566
Cylcles differenz zu normalen version  = -7326712
floatO3100m16t.txt
Cylcles fuer Threded version  = 7454439
Cylcles fuer normale version  = 51847
Cylcles differenz zu normalen version  = -7402592
floatO3100m32t.txt
Cylcles fuer Threded version  = 42181773
Cylcles fuer normale version  = 1351143
Cylcles differenz zu normalen version  = -40830630
floatO3500m1t.txt
Cylcles fuer Threded version  = 43993252
Cylcles fuer normale version  = 1374951
Cylcles differenz zu normalen version  = -42618301
floatO3500m2t.txt
Cylcles fuer Threded version  = 43704027
Cylcles fuer normale version  = 1347707
Cylcles differenz zu normalen version  = -42356320
floatO3500m4t.txt
Cylcles fuer Threded version  = 43971752
Cylcles fuer normale version  = 1439366
Cylcles differenz zu normalen version  = -42532386
floatO3500m8t.txt
Cylcles fuer Threded version  = 43102905
Cylcles fuer normale version  = 1376769
Cylcles differenz zu normalen version  = -41726136
floatO3500m16t.txt
Cylcles fuer Threded version  = 44033631
Cylcles fuer normale version  = 1375543
Cylcles differenz zu normalen version  = -42658088
floatO3500m32t.txt
Cylcles fuer Threded version  = 79301075
Cylcles fuer normale version  = 5156223
Cylcles differenz zu normalen version  = -74144852
floatO31000m1t.txt
Cylcles fuer Threded version  = 80048510
Cylcles fuer normale version  = 5084349
Cylcles differenz zu normalen version  = -74964161
floatO31000m2t.txt
Cylcles fuer Threded version  = 78535855
Cylcles fuer normale version  = 5414408
Cylcles differenz zu normalen version  = -73121447
floatO31000m4t.txt
Cylcles fuer Threded version  = 80915352
Cylcles fuer normale version  = 5455723
Cylcles differenz zu normalen version  = -75459629
floatO31000m8t.txt
Cylcles fuer Threded version  = 78493273
Cylcles fuer normale version  = 5346720
Cylcles differenz zu normalen version  = -73146553
floatO31000m16t.txt
Cylcles fuer Threded version  = 79390607
Cylcles fuer normale version  = 5382675
Cylcles differenz zu normalen version  = -74007932
floatO31000m32t.txt
Cylcles fuer Threded version  = 769825199
Cylcles fuer normale version  = 450595713
Cylcles differenz zu normalen version  = -319229486
floatO310000m1t.txt
Cylcles fuer Threded version  = 768883370
Cylcles fuer normale version  = 450449953
Cylcles differenz zu normalen version  = -318433417
floatO310000m2t.txt
Cylcles fuer Threded version  = 772140074
Cylcles fuer normale version  = 451063160
Cylcles differenz zu normalen version  = -321076914
floatO310000m4t.txt
Cylcles fuer Threded version  = 793576064
Cylcles fuer normale version  = 450014344
Cylcles differenz zu normalen version  = -343561720
floatO310000m8t.txt
Cylcles fuer Threded version  = 765689495
Cylcles fuer normale version  = 449640579
Cylcles differenz zu normalen version  = -316048916
floatO310000m16t.txt
Cylcles fuer Threded version  = 789523676
Cylcles fuer normale version  = 449575105
Cylcles differenz zu normalen version  = -339948571
floatO310000m32t.txt
